2019-07-14  08:58:22 Sun root INFO The host 172.0.5.35 is connecting!
2019-07-14  08:58:22 Sun paramiko.transport DEBUG starting thread (client mode): 0x5facea58
2019-07-14  08:58:22 Sun paramiko.transport DEBUG Local version/idstring: SSH-2.0-paramiko_2.4.2
2019-07-14  08:58:22 Sun paramiko.transport DEBUG Remote version/idstring: SSH-2.0-OpenSSH_6.6.1p1 Ubuntu-2ubuntu2
2019-07-14  08:58:22 Sun paramiko.transport INFO Connected (version 2.0, client OpenSSH_6.6.1p1)
2019-07-14  08:58:22 Sun paramiko.transport DEBUG kex algos:['curve25519-sha256@libssh.org', 'ecdh-sha2-nistp256', 'ecdh-sha2-nistp384', 'ecdh-sha2-nistp521', 'diffie-hellman-group-exchange-sha256', 'diffie-hellman-group-exchange-sha1', 'diffie-hellman-group14-sha1', 'diffie-hellman-group1-sha1'] server key:['ssh-rsa', 'ssh-dss', 'ecdsa-sha2-nistp256', 'ssh-ed25519'] client encrypt:['aes128-ctr', 'aes192-ctr', 'aes256-ctr', 'arcfour256', 'arcfour128', 'aes128-gcm@openssh.com', 'aes256-gcm@openssh.com', 'chacha20-poly1305@openssh.com', 'aes128-cbc', '3des-cbc', 'blowfish-cbc', 'cast128-cbc', 'aes192-cbc', 'aes256-cbc', 'arcfour', 'rijndael-cbc@lysator.liu.se'] server encrypt:['aes128-ctr', 'aes192-ctr', 'aes256-ctr', 'arcfour256', 'arcfour128', 'aes128-gcm@openssh.com', 'aes256-gcm@openssh.com', 'chacha20-poly1305@openssh.com', 'aes128-cbc', '3des-cbc', 'blowfish-cbc', 'cast128-cbc', 'aes192-cbc', 'aes256-cbc', 'arcfour', 'rijndael-cbc@lysator.liu.se'] client mac:['hmac-md5-etm@openssh.com', 'hmac-sha1-etm@openssh.com', 'umac-64-etm@openssh.com', 'umac-128-etm@openssh.com', 'hmac-sha2-256-etm@openssh.com', 'hmac-sha2-512-etm@openssh.com', 'hmac-ripemd160-etm@openssh.com', 'hmac-sha1-96-etm@openssh.com', 'hmac-md5-96-etm@openssh.com', 'hmac-md5', 'hmac-sha1', 'umac-64@openssh.com', 'umac-128@openssh.com', 'hmac-sha2-256', 'hmac-sha2-512', 'hmac-ripemd160', 'hmac-ripemd160@openssh.com', 'hmac-sha1-96', 'hmac-md5-96'] server mac:['hmac-md5-etm@openssh.com', 'hmac-sha1-etm@openssh.com', 'umac-64-etm@openssh.com', 'umac-128-etm@openssh.com', 'hmac-sha2-256-etm@openssh.com', 'hmac-sha2-512-etm@openssh.com', 'hmac-ripemd160-etm@openssh.com', 'hmac-sha1-96-etm@openssh.com', 'hmac-md5-96-etm@openssh.com', 'hmac-md5', 'hmac-sha1', 'umac-64@openssh.com', 'umac-128@openssh.com', 'hmac-sha2-256', 'hmac-sha2-512', 'hmac-ripemd160', 'hmac-ripemd160@openssh.com', 'hmac-sha1-96', 'hmac-md5-96'] client compress:['none', 'zlib@openssh.com'] server compress:['none', 'zlib@openssh.com'] client lang:[''] server lang:[''] kex follows?False
2019-07-14  08:58:22 Sun paramiko.transport DEBUG Kex agreed: ecdh-sha2-nistp256
2019-07-14  08:58:22 Sun paramiko.transport DEBUG HostKey agreed: ssh-ed25519
2019-07-14  08:58:22 Sun paramiko.transport DEBUG Cipher agreed: aes128-ctr
2019-07-14  08:58:22 Sun paramiko.transport DEBUG MAC agreed: hmac-sha2-256
2019-07-14  08:58:22 Sun paramiko.transport DEBUG Compression agreed: none
2019-07-14  08:58:23 Sun paramiko.transport DEBUG kex engine KexNistp256 specified hash_algo <built-in function openssl_sha256>
2019-07-14  08:58:23 Sun paramiko.transport DEBUG Switch to new keys ...
2019-07-14  08:58:23 Sun paramiko.transport DEBUG Attempting password auth...
2019-07-14  08:58:23 Sun paramiko.transport DEBUG userauth is OK
2019-07-14  08:58:23 Sun paramiko.transport INFO Authentication (password) successful!
2019-07-14  08:58:23 Sun root INFO Connect to host 172.0.5.35 successful!
2019-07-14  08:58:23 Sun paramiko.transport DEBUG [chan 0] Max packet in: 32768 bytes
2019-07-14  08:58:23 Sun paramiko.transport DEBUG [chan 0] Max packet out: 32768 bytes
2019-07-14  08:58:23 Sun paramiko.transport DEBUG Secsh channel 0 opened.
2019-07-14  08:58:23 Sun paramiko.transport DEBUG [chan 0] Sesch channel 0 request ok
2019-07-14  08:58:23 Sun paramiko.transport DEBUG [chan 0] Sesch channel 0 request ok
2019-07-14  08:58:25 Sun root DEBUG Welcome to Ubuntu 14.04.3 LTS (GNU/Linux 3.19.0-25-generic x86_64)

 * Documentation:  https://help.ubuntu.com/

  System information as of Sat Jul 13 20:56:46 EDT 2019

  System load:     4.13               IP address for docker0: 172.17.0.1
  Usage of /:      48.3% of 13.54GB   IP address for dp_0_0:  172.0.5.35
  Memory usage:    53%                IP address for dp_0_1:  172.1.5.35
  Swap usage:      0%                 IP address for dp_0_2:  172.2.5.35
  Processes:       673                IP address for lo1:     1.1.5.35
  Users logged in: 1

  Graph this data and manage this system at:
    https://landscape.canonical.com/

276 packages can be updated.
189 updates are security updates.

Last login: Sat Jul 13 20:56:46 2019 from 172.0.5.25
/usr/local/bin/casa/casa-cli
root@CASA-MOBILE:~# /usr/local/bin/casa/casa-cli

===================================
Welcome to CASA MEC x86 Platform
===================================
[KCLI services started!
CASA-MOBILE>page-off
CASA-MOBILE>
2019-07-14  08:58:28 Sun root DEBUG show task crash
Number  Task             Crash-Time                Exit-Code     Exit-Reason     Core-file
==========================================================================================
Total 0 crash records
CASA-MOBILE>
2019-07-14  08:58:28 Sun paramiko.transport DEBUG [chan 0] EOF sent (0)
2019-07-14  08:58:28 Sun root INFO Checking host 172.0.5.35 system status:show task crash info
2019-07-14  08:58:28 Sun root INFO show task crash
Number  Task             Crash-Time                Exit-Code     Exit-Reason     Core-file
==========================================================================================
Total 0 crash records
CASA-MOBILE>
2019-07-14  08:58:28 Sun root INFO The result is Successful!
2019-07-14  08:58:28 Sun root INFO The host 172.0.5.35 is connecting!
2019-07-14  08:58:28 Sun paramiko.transport DEBUG starting thread (client mode): 0x5facefd0
2019-07-14  08:58:28 Sun paramiko.transport DEBUG Local version/idstring: SSH-2.0-paramiko_2.4.2
2019-07-14  08:58:28 Sun paramiko.transport DEBUG EOF in transport thread
2019-07-14  08:58:28 Sun paramiko.transport DEBUG Remote version/idstring: SSH-2.0-OpenSSH_6.6.1p1 Ubuntu-2ubuntu2
2019-07-14  08:58:28 Sun paramiko.transport INFO Connected (version 2.0, client OpenSSH_6.6.1p1)
2019-07-14  08:58:28 Sun paramiko.transport DEBUG kex algos:['curve25519-sha256@libssh.org', 'ecdh-sha2-nistp256', 'ecdh-sha2-nistp384', 'ecdh-sha2-nistp521', 'diffie-hellman-group-exchange-sha256', 'diffie-hellman-group-exchange-sha1', 'diffie-hellman-group14-sha1', 'diffie-hellman-group1-sha1'] server key:['ssh-rsa', 'ssh-dss', 'ecdsa-sha2-nistp256', 'ssh-ed25519'] client encrypt:['aes128-ctr', 'aes192-ctr', 'aes256-ctr', 'arcfour256', 'arcfour128', 'aes128-gcm@openssh.com', 'aes256-gcm@openssh.com', 'chacha20-poly1305@openssh.com', 'aes128-cbc', '3des-cbc', 'blowfish-cbc', 'cast128-cbc', 'aes192-cbc', 'aes256-cbc', 'arcfour', 'rijndael-cbc@lysator.liu.se'] server encrypt:['aes128-ctr', 'aes192-ctr', 'aes256-ctr', 'arcfour256', 'arcfour128', 'aes128-gcm@openssh.com', 'aes256-gcm@openssh.com', 'chacha20-poly1305@openssh.com', 'aes128-cbc', '3des-cbc', 'blowfish-cbc', 'cast128-cbc', 'aes192-cbc', 'aes256-cbc', 'arcfour', 'rijndael-cbc@lysator.liu.se'] client mac:['hmac-md5-etm@openssh.com', 'hmac-sha1-etm@openssh.com', 'umac-64-etm@openssh.com', 'umac-128-etm@openssh.com', 'hmac-sha2-256-etm@openssh.com', 'hmac-sha2-512-etm@openssh.com', 'hmac-ripemd160-etm@openssh.com', 'hmac-sha1-96-etm@openssh.com', 'hmac-md5-96-etm@openssh.com', 'hmac-md5', 'hmac-sha1', 'umac-64@openssh.com', 'umac-128@openssh.com', 'hmac-sha2-256', 'hmac-sha2-512', 'hmac-ripemd160', 'hmac-ripemd160@openssh.com', 'hmac-sha1-96', 'hmac-md5-96'] server mac:['hmac-md5-etm@openssh.com', 'hmac-sha1-etm@openssh.com', 'umac-64-etm@openssh.com', 'umac-128-etm@openssh.com', 'hmac-sha2-256-etm@openssh.com', 'hmac-sha2-512-etm@openssh.com', 'hmac-ripemd160-etm@openssh.com', 'hmac-sha1-96-etm@openssh.com', 'hmac-md5-96-etm@openssh.com', 'hmac-md5', 'hmac-sha1', 'umac-64@openssh.com', 'umac-128@openssh.com', 'hmac-sha2-256', 'hmac-sha2-512', 'hmac-ripemd160', 'hmac-ripemd160@openssh.com', 'hmac-sha1-96', 'hmac-md5-96'] client compress:['none', 'zlib@openssh.com'] server compress:['none', 'zlib@openssh.com'] client lang:[''] server lang:[''] kex follows?False
2019-07-14  08:58:28 Sun paramiko.transport DEBUG Kex agreed: ecdh-sha2-nistp256
2019-07-14  08:58:28 Sun paramiko.transport DEBUG HostKey agreed: ssh-ed25519
2019-07-14  08:58:28 Sun paramiko.transport DEBUG Cipher agreed: aes128-ctr
2019-07-14  08:58:28 Sun paramiko.transport DEBUG MAC agreed: hmac-sha2-256
2019-07-14  08:58:28 Sun paramiko.transport DEBUG Compression agreed: none
2019-07-14  08:58:28 Sun paramiko.transport DEBUG kex engine KexNistp256 specified hash_algo <built-in function openssl_sha256>
2019-07-14  08:58:28 Sun paramiko.transport DEBUG Switch to new keys ...
2019-07-14  08:58:28 Sun paramiko.transport DEBUG Attempting password auth...
2019-07-14  08:58:28 Sun paramiko.transport DEBUG userauth is OK
2019-07-14  08:58:28 Sun paramiko.transport INFO Authentication (password) successful!
2019-07-14  08:58:28 Sun root INFO Connect to host 172.0.5.35 successful!
2019-07-14  08:58:28 Sun paramiko.transport DEBUG [chan 0] Max packet in: 32768 bytes
2019-07-14  08:58:29 Sun paramiko.transport DEBUG [chan 0] Max packet out: 32768 bytes
2019-07-14  08:58:29 Sun paramiko.transport DEBUG Secsh channel 0 opened.
2019-07-14  08:58:29 Sun paramiko.transport DEBUG [chan 0] Sesch channel 0 request ok
2019-07-14  08:58:29 Sun paramiko.transport DEBUG [chan 0] Sesch channel 0 request ok
2019-07-14  08:58:31 Sun root DEBUG Welcome to Ubuntu 14.04.3 LTS (GNU/Linux 3.19.0-25-generic x86_64)

 * Documentation:  https://help.ubuntu.com/

  System information as of Sat Jul 13 20:58:47 EDT 2019

  System load:     4.17               IP address for docker0: 172.17.0.1
  Usage of /:      48.3% of 13.54GB   IP address for dp_0_0:  172.0.5.35
  Memory usage:    53%                IP address for dp_0_1:  172.1.5.35
  Swap usage:      0%                 IP address for dp_0_2:  172.2.5.35
  Processes:       674                IP address for lo1:     1.1.5.35
  Users logged in: 1

  Graph this data and manage this system at:
    https://landscape.canonical.com/

276 packages can be updated.
189 updates are security updates.

Last login: Sat Jul 13 20:58:48 2019 from 172.0.5.25
/usr/local/bin/casa/casa-cli
root@CASA-MOBILE:~# /usr/local/bin/casa/casa-cli

===================================
Welcome to CASA MEC x86 Platform
===================================
[KCLI services started!
CASA-MOBILE>page-off
CASA-MOBILE>
2019-07-14  08:58:34 Sun root DEBUG show ha info
VNF node name: Default:f7830f3c-e17c-11e8-a4da-525400a7c450
Group level HA:
	 group-ha-ctrl           : disabled
	 assigned service        : 
	 heartbeats sent         : 0
	 heartbeats received     : 0
Node level HA config :
	 node-to-node heartbeat  : enabled
	 preferred role          : Active
	 peer heartbeat timeout  : 3
	 self interface          : * port 65530
	 peer interface          : * port 65530
	 redundancy reboot       : YES
	 standalone reboot       : NO
	 task down max per minute: 10
	 redundancy mode         : layer2
Node level HA status :
	 state                   : Active
	 last reboot timestamp   : 2019-07-01 03:50:03
	 startup-config loaded   : YES
	 overall monitor status  : VnfHaMonitorStateUnknown
	 overall task HA status  : VnfHaStateActive
	 peer standby-status     : Not Ready
	 heartbeats sent         : 1094929
	 heartbeats received     : 0
Individual task HA status: 
	                                                been active before, down times in last minute
	      rsrcmgr/0:      VnfHaStateActive,                Yes,               0
	      vnfctrl/0:      VnfHaStateActive,                Yes,               0
	      gtpctrl/0:      VnfHaStateActive,                Yes,               0
	       ffemgr/0:      VnfHaStateActive,                Yes,               0
	          ffe/0:      VnfHaStateActive,                Yes,               0
	       mepmgr/0:      VnfHaStateActive,                Yes,               0
	      connmgr/0:      VnfHaStateActive,                Yes,               0
	  dnsproxymgr/0:      VnfHaStateActive,                Yes,               0
	      dhcpmgr/0:      VnfHaStateActive,                Yes,               0
	       aaamgr/0:      VnfHaStateActive,                Yes,               0
	       cdrmgr/0:      VnfHaStateActive,                Yes,               0
	      ltectrl/0:      VnfHaStateActive,                Yes,               0

CASA-MOBILE>
2019-07-14  08:58:34 Sun paramiko.transport DEBUG [chan 0] EOF sent (0)
2019-07-14  08:58:34 Sun root INFO Checking host 172.0.5.35 system status:show ha info
2019-07-14  08:58:34 Sun root INFO show ha info
VNF node name: Default:f7830f3c-e17c-11e8-a4da-525400a7c450
Group level HA:
	 group-ha-ctrl           : disabled
	 assigned service        : 
	 heartbeats sent         : 0
	 heartbeats received     : 0
Node level HA config :
	 node-to-node heartbeat  : enabled
	 preferred role          : Active
	 peer heartbeat timeout  : 3
	 self interface          : * port 65530
	 peer interface          : * port 65530
	 redundancy reboot       : YES
	 standalone reboot       : NO
	 task down max per minute: 10
	 redundancy mode         : layer2
Node level HA status :
	 state                   : Active
	 last reboot timestamp   : 2019-07-01 03:50:03
	 startup-config loaded   : YES
	 overall monitor status  : VnfHaMonitorStateUnknown
	 overall task HA status  : VnfHaStateActive
	 peer standby-status     : Not Ready
	 heartbeats sent         : 1094929
	 heartbeats received     : 0
Individual task HA status: 
	                                                been active before, down times in last minute
	      rsrcmgr/0:      VnfHaStateActive,                Yes,               0
	      vnfctrl/0:      VnfHaStateActive,                Yes,               0
	      gtpctrl/0:      VnfHaStateActive,                Yes,               0
	       ffemgr/0:      VnfHaStateActive,                Yes,               0
	          ffe/0:      VnfHaStateActive,                Yes,               0
	       mepmgr/0:      VnfHaStateActive,                Yes,               0
	      connmgr/0:      VnfHaStateActive,                Yes,               0
	  dnsproxymgr/0:      VnfHaStateActive,                Yes,               0
	      dhcpmgr/0:      VnfHaStateActive,                Yes,               0
	       aaamgr/0:      VnfHaStateActive,                Yes,               0
	       cdrmgr/0:      VnfHaStateActive,                Yes,               0
	      ltectrl/0:      VnfHaStateActive,                Yes,               0

CASA-MOBILE>
2019-07-14  08:58:34 Sun root INFO The result is Successful!
2019-07-14  08:58:34 Sun root INFO The host 172.0.5.35 is connecting!
2019-07-14  08:58:34 Sun paramiko.transport DEBUG starting thread (client mode): 0x5deb6e80
2019-07-14  08:58:34 Sun paramiko.transport DEBUG Local version/idstring: SSH-2.0-paramiko_2.4.2
2019-07-14  08:58:34 Sun paramiko.transport DEBUG EOF in transport thread
2019-07-14  08:58:34 Sun paramiko.transport DEBUG Remote version/idstring: SSH-2.0-OpenSSH_6.6.1p1 Ubuntu-2ubuntu2
2019-07-14  08:58:34 Sun paramiko.transport INFO Connected (version 2.0, client OpenSSH_6.6.1p1)
2019-07-14  08:58:34 Sun paramiko.transport DEBUG kex algos:['curve25519-sha256@libssh.org', 'ecdh-sha2-nistp256', 'ecdh-sha2-nistp384', 'ecdh-sha2-nistp521', 'diffie-hellman-group-exchange-sha256', 'diffie-hellman-group-exchange-sha1', 'diffie-hellman-group14-sha1', 'diffie-hellman-group1-sha1'] server key:['ssh-rsa', 'ssh-dss', 'ecdsa-sha2-nistp256', 'ssh-ed25519'] client encrypt:['aes128-ctr', 'aes192-ctr', 'aes256-ctr', 'arcfour256', 'arcfour128', 'aes128-gcm@openssh.com', 'aes256-gcm@openssh.com', 'chacha20-poly1305@openssh.com', 'aes128-cbc', '3des-cbc', 'blowfish-cbc', 'cast128-cbc', 'aes192-cbc', 'aes256-cbc', 'arcfour', 'rijndael-cbc@lysator.liu.se'] server encrypt:['aes128-ctr', 'aes192-ctr', 'aes256-ctr', 'arcfour256', 'arcfour128', 'aes128-gcm@openssh.com', 'aes256-gcm@openssh.com', 'chacha20-poly1305@openssh.com', 'aes128-cbc', '3des-cbc', 'blowfish-cbc', 'cast128-cbc', 'aes192-cbc', 'aes256-cbc', 'arcfour', 'rijndael-cbc@lysator.liu.se'] client mac:['hmac-md5-etm@openssh.com', 'hmac-sha1-etm@openssh.com', 'umac-64-etm@openssh.com', 'umac-128-etm@openssh.com', 'hmac-sha2-256-etm@openssh.com', 'hmac-sha2-512-etm@openssh.com', 'hmac-ripemd160-etm@openssh.com', 'hmac-sha1-96-etm@openssh.com', 'hmac-md5-96-etm@openssh.com', 'hmac-md5', 'hmac-sha1', 'umac-64@openssh.com', 'umac-128@openssh.com', 'hmac-sha2-256', 'hmac-sha2-512', 'hmac-ripemd160', 'hmac-ripemd160@openssh.com', 'hmac-sha1-96', 'hmac-md5-96'] server mac:['hmac-md5-etm@openssh.com', 'hmac-sha1-etm@openssh.com', 'umac-64-etm@openssh.com', 'umac-128-etm@openssh.com', 'hmac-sha2-256-etm@openssh.com', 'hmac-sha2-512-etm@openssh.com', 'hmac-ripemd160-etm@openssh.com', 'hmac-sha1-96-etm@openssh.com', 'hmac-md5-96-etm@openssh.com', 'hmac-md5', 'hmac-sha1', 'umac-64@openssh.com', 'umac-128@openssh.com', 'hmac-sha2-256', 'hmac-sha2-512', 'hmac-ripemd160', 'hmac-ripemd160@openssh.com', 'hmac-sha1-96', 'hmac-md5-96'] client compress:['none', 'zlib@openssh.com'] server compress:['none', 'zlib@openssh.com'] client lang:[''] server lang:[''] kex follows?False
2019-07-14  08:58:34 Sun paramiko.transport DEBUG Kex agreed: ecdh-sha2-nistp256
2019-07-14  08:58:34 Sun paramiko.transport DEBUG HostKey agreed: ssh-ed25519
2019-07-14  08:58:34 Sun paramiko.transport DEBUG Cipher agreed: aes128-ctr
2019-07-14  08:58:34 Sun paramiko.transport DEBUG MAC agreed: hmac-sha2-256
2019-07-14  08:58:34 Sun paramiko.transport DEBUG Compression agreed: none
2019-07-14  08:58:34 Sun paramiko.transport DEBUG kex engine KexNistp256 specified hash_algo <built-in function openssl_sha256>
2019-07-14  08:58:34 Sun paramiko.transport DEBUG Switch to new keys ...
2019-07-14  08:58:34 Sun paramiko.transport DEBUG Attempting password auth...
2019-07-14  08:58:34 Sun paramiko.transport DEBUG userauth is OK
2019-07-14  08:58:34 Sun paramiko.transport INFO Authentication (password) successful!
2019-07-14  08:58:34 Sun root INFO Connect to host 172.0.5.35 successful!
2019-07-14  08:58:34 Sun paramiko.transport DEBUG [chan 0] Max packet in: 32768 bytes
2019-07-14  08:58:35 Sun paramiko.transport DEBUG [chan 0] Max packet out: 32768 bytes
2019-07-14  08:58:35 Sun paramiko.transport DEBUG Secsh channel 0 opened.
2019-07-14  08:58:35 Sun paramiko.transport DEBUG [chan 0] Sesch channel 0 request ok
2019-07-14  08:58:35 Sun paramiko.transport DEBUG [chan 0] Sesch channel 0 request ok
2019-07-14  08:58:37 Sun root DEBUG Welcome to Ubuntu 14.04.3 LTS (GNU/Linux 3.19.0-25-generic x86_64)

 * Documentation:  https://help.ubuntu.com/

  System information as of Sat Jul 13 20:58:53 EDT 2019

  System load:     4.16               IP address for docker0: 172.17.0.1
  Usage of /:      48.3% of 13.54GB   IP address for dp_0_0:  172.0.5.35
  Memory usage:    53%                IP address for dp_0_1:  172.1.5.35
  Swap usage:      0%                 IP address for dp_0_2:  172.2.5.35
  Processes:       675                IP address for lo1:     1.1.5.35
  Users logged in: 1

  Graph this data and manage this system at:
    https://landscape.canonical.com/

276 packages can be updated.
189 updates are security updates.

Last login: Sat Jul 13 20:58:53 2019 from 172.0.5.25
/usr/local/bin/casa/casa-cli
root@CASA-MOBILE:~# /usr/local/bin/casa/casa-cli

===================================
Welcome to CASA MEC x86 Platform
===================================
[KCLI services started!
CASA-MOBILE>page-off
CASA-MOBILE>
2019-07-14  08:58:40 Sun root DEBUG show mme info
-----------------------------------------------------
service name       mme1
service started    Mon Jul  1 03:50:26 2019
served gummeis     mcc 311, mnc 480, group-id 1, mme-code 1
relative capacity  100
sctp parameters    hb-interval 30, stream[in/out] 2/2 
                   max-retransmit: init 5, path 5, assoc 10
sctp listen on     172.1.5.35_36412 (p)
sctp associations  1
s1ap connections   1
subscribers        0
bearers            0
CASA-MOBILE>
2019-07-14  08:58:40 Sun paramiko.transport DEBUG [chan 0] EOF sent (0)
2019-07-14  08:58:40 Sun root INFO Checking host 172.0.5.35 system status:show mme info
2019-07-14  08:58:40 Sun root INFO show mme info
-----------------------------------------------------
service name       mme1
service started    Mon Jul  1 03:50:26 2019
served gummeis     mcc 311, mnc 480, group-id 1, mme-code 1
relative capacity  100
sctp parameters    hb-interval 30, stream[in/out] 2/2 
                   max-retransmit: init 5, path 5, assoc 10
sctp listen on     172.1.5.35_36412 (p)
sctp associations  1
s1ap connections   1
subscribers        0
bearers            0
CASA-MOBILE>
2019-07-14  08:58:40 Sun root INFO The result is Successful!
2019-07-14  08:58:40 Sun root INFO The host 172.0.5.36 is connecting!
2019-07-14  08:58:40 Sun paramiko.transport DEBUG starting thread (client mode): 0x5dec8908
2019-07-14  08:58:40 Sun paramiko.transport DEBUG Local version/idstring: SSH-2.0-paramiko_2.4.2
2019-07-14  08:58:40 Sun paramiko.transport DEBUG EOF in transport thread
2019-07-14  08:58:40 Sun paramiko.transport DEBUG Remote version/idstring: SSH-2.0-OpenSSH_6.6.1p1 Ubuntu-2ubuntu2
2019-07-14  08:58:40 Sun paramiko.transport INFO Connected (version 2.0, client OpenSSH_6.6.1p1)
2019-07-14  08:58:40 Sun paramiko.transport DEBUG kex algos:['curve25519-sha256@libssh.org', 'ecdh-sha2-nistp256', 'ecdh-sha2-nistp384', 'ecdh-sha2-nistp521', 'diffie-hellman-group-exchange-sha256', 'diffie-hellman-group-exchange-sha1', 'diffie-hellman-group14-sha1', 'diffie-hellman-group1-sha1'] server key:['ssh-rsa', 'ssh-dss', 'ecdsa-sha2-nistp256', 'ssh-ed25519'] client encrypt:['aes128-ctr', 'aes192-ctr', 'aes256-ctr', 'arcfour256', 'arcfour128', 'aes128-gcm@openssh.com', 'aes256-gcm@openssh.com', 'chacha20-poly1305@openssh.com', 'aes128-cbc', '3des-cbc', 'blowfish-cbc', 'cast128-cbc', 'aes192-cbc', 'aes256-cbc', 'arcfour', 'rijndael-cbc@lysator.liu.se'] server encrypt:['aes128-ctr', 'aes192-ctr', 'aes256-ctr', 'arcfour256', 'arcfour128', 'aes128-gcm@openssh.com', 'aes256-gcm@openssh.com', 'chacha20-poly1305@openssh.com', 'aes128-cbc', '3des-cbc', 'blowfish-cbc', 'cast128-cbc', 'aes192-cbc', 'aes256-cbc', 'arcfour', 'rijndael-cbc@lysator.liu.se'] client mac:['hmac-md5-etm@openssh.com', 'hmac-sha1-etm@openssh.com', 'umac-64-etm@openssh.com', 'umac-128-etm@openssh.com', 'hmac-sha2-256-etm@openssh.com', 'hmac-sha2-512-etm@openssh.com', 'hmac-ripemd160-etm@openssh.com', 'hmac-sha1-96-etm@openssh.com', 'hmac-md5-96-etm@openssh.com', 'hmac-md5', 'hmac-sha1', 'umac-64@openssh.com', 'umac-128@openssh.com', 'hmac-sha2-256', 'hmac-sha2-512', 'hmac-ripemd160', 'hmac-ripemd160@openssh.com', 'hmac-sha1-96', 'hmac-md5-96'] server mac:['hmac-md5-etm@openssh.com', 'hmac-sha1-etm@openssh.com', 'umac-64-etm@openssh.com', 'umac-128-etm@openssh.com', 'hmac-sha2-256-etm@openssh.com', 'hmac-sha2-512-etm@openssh.com', 'hmac-ripemd160-etm@openssh.com', 'hmac-sha1-96-etm@openssh.com', 'hmac-md5-96-etm@openssh.com', 'hmac-md5', 'hmac-sha1', 'umac-64@openssh.com', 'umac-128@openssh.com', 'hmac-sha2-256', 'hmac-sha2-512', 'hmac-ripemd160', 'hmac-ripemd160@openssh.com', 'hmac-sha1-96', 'hmac-md5-96'] client compress:['none', 'zlib@openssh.com'] server compress:['none', 'zlib@openssh.com'] client lang:[''] server lang:[''] kex follows?False
2019-07-14  08:58:40 Sun paramiko.transport DEBUG Kex agreed: ecdh-sha2-nistp256
2019-07-14  08:58:40 Sun paramiko.transport DEBUG HostKey agreed: ssh-ed25519
2019-07-14  08:58:40 Sun paramiko.transport DEBUG Cipher agreed: aes128-ctr
2019-07-14  08:58:40 Sun paramiko.transport DEBUG MAC agreed: hmac-sha2-256
2019-07-14  08:58:40 Sun paramiko.transport DEBUG Compression agreed: none
2019-07-14  08:58:40 Sun paramiko.transport DEBUG kex engine KexNistp256 specified hash_algo <built-in function openssl_sha256>
2019-07-14  08:58:40 Sun paramiko.transport DEBUG Switch to new keys ...
2019-07-14  08:58:40 Sun paramiko.transport DEBUG Attempting password auth...
2019-07-14  08:58:40 Sun paramiko.transport DEBUG userauth is OK
2019-07-14  08:58:40 Sun paramiko.transport INFO Authentication (password) successful!
2019-07-14  08:58:40 Sun root INFO Connect to host 172.0.5.36 successful!
2019-07-14  08:58:40 Sun paramiko.transport DEBUG [chan 0] Max packet in: 32768 bytes
2019-07-14  08:58:40 Sun paramiko.transport DEBUG [chan 0] Max packet out: 32768 bytes
2019-07-14  08:58:40 Sun paramiko.transport DEBUG Secsh channel 0 opened.
2019-07-14  08:58:40 Sun paramiko.transport DEBUG [chan 0] Sesch channel 0 request ok
2019-07-14  08:58:40 Sun paramiko.transport DEBUG [chan 0] Sesch channel 0 request ok
2019-07-14  08:58:42 Sun root DEBUG Welcome to Ubuntu 14.04.3 LTS (GNU/Linux 3.19.0-25-generic x86_64)

 * Documentation:  https://help.ubuntu.com/

  System information as of Sat Jul 13 20:56:36 EDT 2019

  System load:            4.01               IP address for dp_0_0: 172.0.5.36
  Usage of /:             77.3% of 13.54GB   IP address for dp_0_1: 172.1.5.36
  Memory usage:           55%                IP address for dp_0_2: 172.2.5.36
  Swap usage:             0%                 IP address for lo11:   1.1.1.36
  Processes:              690                IP address for lo12:   2.1.1.36
  Users logged in:        0                  IP address for lo13:   3.1.1.36
  IP address for docker0: 172.17.0.1

  Graph this data and manage this system at:
    https://landscape.canonical.com/

276 packages can be updated.
189 updates are security updates.

Last login: Sat Jul 13 20:56:37 2019 from 172.0.5.25
/usr/local/bin/casa/casa-cli
root@CASA-MOBILE:~# /usr/local/bin/casa/casa-cli

===================================
Welcome to CASA MEC x86 Platform
===================================
[KCLI services started!
CASA-MOBILE>page-off
CASA-MOBILE>
2019-07-14  08:58:45 Sun root DEBUG show task crash
Number  Task             Crash-Time                Exit-Code     Exit-Reason     Core-file
==========================================================================================
Total 0 crash records
CASA-MOBILE>
2019-07-14  08:58:45 Sun paramiko.transport DEBUG [chan 0] EOF sent (0)
2019-07-14  08:58:45 Sun root INFO Checking host 172.0.5.35 system status:show task crash info
2019-07-14  08:58:45 Sun root INFO show task crash
Number  Task             Crash-Time                Exit-Code     Exit-Reason     Core-file
==========================================================================================
Total 0 crash records
CASA-MOBILE>
2019-07-14  08:58:45 Sun root INFO The result is Successful!
2019-07-14  08:58:45 Sun root INFO The host 172.0.5.36 is connecting!
2019-07-14  08:58:45 Sun paramiko.transport DEBUG starting thread (client mode): 0x5dec8dd8
2019-07-14  08:58:45 Sun paramiko.transport DEBUG Local version/idstring: SSH-2.0-paramiko_2.4.2
2019-07-14  08:58:45 Sun paramiko.transport DEBUG EOF in transport thread
2019-07-14  08:58:45 Sun paramiko.transport DEBUG Remote version/idstring: SSH-2.0-OpenSSH_6.6.1p1 Ubuntu-2ubuntu2
2019-07-14  08:58:45 Sun paramiko.transport INFO Connected (version 2.0, client OpenSSH_6.6.1p1)
2019-07-14  08:58:45 Sun paramiko.transport DEBUG kex algos:['curve25519-sha256@libssh.org', 'ecdh-sha2-nistp256', 'ecdh-sha2-nistp384', 'ecdh-sha2-nistp521', 'diffie-hellman-group-exchange-sha256', 'diffie-hellman-group-exchange-sha1', 'diffie-hellman-group14-sha1', 'diffie-hellman-group1-sha1'] server key:['ssh-rsa', 'ssh-dss', 'ecdsa-sha2-nistp256', 'ssh-ed25519'] client encrypt:['aes128-ctr', 'aes192-ctr', 'aes256-ctr', 'arcfour256', 'arcfour128', 'aes128-gcm@openssh.com', 'aes256-gcm@openssh.com', 'chacha20-poly1305@openssh.com', 'aes128-cbc', '3des-cbc', 'blowfish-cbc', 'cast128-cbc', 'aes192-cbc', 'aes256-cbc', 'arcfour', 'rijndael-cbc@lysator.liu.se'] server encrypt:['aes128-ctr', 'aes192-ctr', 'aes256-ctr', 'arcfour256', 'arcfour128', 'aes128-gcm@openssh.com', 'aes256-gcm@openssh.com', 'chacha20-poly1305@openssh.com', 'aes128-cbc', '3des-cbc', 'blowfish-cbc', 'cast128-cbc', 'aes192-cbc', 'aes256-cbc', 'arcfour', 'rijndael-cbc@lysator.liu.se'] client mac:['hmac-md5-etm@openssh.com', 'hmac-sha1-etm@openssh.com', 'umac-64-etm@openssh.com', 'umac-128-etm@openssh.com', 'hmac-sha2-256-etm@openssh.com', 'hmac-sha2-512-etm@openssh.com', 'hmac-ripemd160-etm@openssh.com', 'hmac-sha1-96-etm@openssh.com', 'hmac-md5-96-etm@openssh.com', 'hmac-md5', 'hmac-sha1', 'umac-64@openssh.com', 'umac-128@openssh.com', 'hmac-sha2-256', 'hmac-sha2-512', 'hmac-ripemd160', 'hmac-ripemd160@openssh.com', 'hmac-sha1-96', 'hmac-md5-96'] server mac:['hmac-md5-etm@openssh.com', 'hmac-sha1-etm@openssh.com', 'umac-64-etm@openssh.com', 'umac-128-etm@openssh.com', 'hmac-sha2-256-etm@openssh.com', 'hmac-sha2-512-etm@openssh.com', 'hmac-ripemd160-etm@openssh.com', 'hmac-sha1-96-etm@openssh.com', 'hmac-md5-96-etm@openssh.com', 'hmac-md5', 'hmac-sha1', 'umac-64@openssh.com', 'umac-128@openssh.com', 'hmac-sha2-256', 'hmac-sha2-512', 'hmac-ripemd160', 'hmac-ripemd160@openssh.com', 'hmac-sha1-96', 'hmac-md5-96'] client compress:['none', 'zlib@openssh.com'] server compress:['none', 'zlib@openssh.com'] client lang:[''] server lang:[''] kex follows?False
2019-07-14  08:58:45 Sun paramiko.transport DEBUG Kex agreed: ecdh-sha2-nistp256
2019-07-14  08:58:45 Sun paramiko.transport DEBUG HostKey agreed: ssh-ed25519
2019-07-14  08:58:45 Sun paramiko.transport DEBUG Cipher agreed: aes128-ctr
2019-07-14  08:58:45 Sun paramiko.transport DEBUG MAC agreed: hmac-sha2-256
2019-07-14  08:58:45 Sun paramiko.transport DEBUG Compression agreed: none
2019-07-14  08:58:45 Sun paramiko.transport DEBUG kex engine KexNistp256 specified hash_algo <built-in function openssl_sha256>
2019-07-14  08:58:45 Sun paramiko.transport DEBUG Switch to new keys ...
2019-07-14  08:58:45 Sun paramiko.transport DEBUG Attempting password auth...
2019-07-14  08:58:45 Sun paramiko.transport DEBUG userauth is OK
2019-07-14  08:58:46 Sun paramiko.transport INFO Authentication (password) successful!
2019-07-14  08:58:46 Sun root INFO Connect to host 172.0.5.36 successful!
2019-07-14  08:58:46 Sun paramiko.transport DEBUG [chan 0] Max packet in: 32768 bytes
2019-07-14  08:58:46 Sun paramiko.transport DEBUG [chan 0] Max packet out: 32768 bytes
2019-07-14  08:58:46 Sun paramiko.transport DEBUG Secsh channel 0 opened.
2019-07-14  08:58:46 Sun paramiko.transport DEBUG [chan 0] Sesch channel 0 request ok
2019-07-14  08:58:46 Sun paramiko.transport DEBUG [chan 0] Sesch channel 0 request ok
2019-07-14  08:58:48 Sun root DEBUG Welcome to Ubuntu 14.04.3 LTS (GNU/Linux 3.19.0-25-generic x86_64)

 * Documentation:  https://help.ubuntu.com/

  System information as of Sat Jul 13 20:58:43 EDT 2019

  System load:            4.07               IP address for dp_0_0: 172.0.5.36
  Usage of /:             77.3% of 13.54GB   IP address for dp_0_1: 172.1.5.36
  Memory usage:           55%                IP address for dp_0_2: 172.2.5.36
  Swap usage:             0%                 IP address for lo11:   1.1.1.36
  Processes:              690                IP address for lo12:   2.1.1.36
  Users logged in:        0                  IP address for lo13:   3.1.1.36
  IP address for docker0: 172.17.0.1

  Graph this data and manage this system at:
    https://landscape.canonical.com/

276 packages can be updated.
189 updates are security updates.

Last login: Sat Jul 13 20:58:44 2019 from 172.0.5.25
/usr/local/bin/casa/casa-cli
root@CASA-MOBILE:~# /usr/local/bin/casa/casa-cli

===================================
Welcome to CASA MEC x86 Platform
===================================
[KCLI services started!
CASA-MOBILE>page-off
CASA-MOBILE>
2019-07-14  08:58:51 Sun root DEBUG show ha info
VNF node name: Default:f7830f3c-e17c-11e8-a4da-525400a7c450
Group level HA:
	 group-ha-ctrl           : disabled
	 assigned service        : 
	 heartbeats sent         : 0
	 heartbeats received     : 0
Node level HA config :
	 node-to-node heartbeat  : enabled
	 preferred role          : Active
	 peer heartbeat timeout  : 3
	 self interface          : * port 65530
	 peer interface          : * port 65530
	 redundancy reboot       : YES
	 standalone reboot       : NO
	 task down max per minute: 10
	 redundancy mode         : layer2
Node level HA status :
	 state                   : Active
	 last reboot timestamp   : 2019-07-09 21:09:22
	 startup-config loaded   : YES
	 overall monitor status  : VnfHaMonitorStateUnknown
	 overall task HA status  : VnfHaStateActive
	 peer standby-status     : Not Ready
	 heartbeats sent         : 343816
	 heartbeats received     : 0
Individual task HA status: 
	                                                been active before, down times in last minute
	      rsrcmgr/0:      VnfHaStateActive,                Yes,               0
	     s1mmemgr/0:      VnfHaStateActive,                Yes,               0
	       apimgr/0:      VnfHaStateActive,                Yes,               0
	      vnfctrl/0:      VnfHaStateActive,                Yes,               0
	      connmgr/0:      VnfHaStateActive,                Yes,               0
	      gtpctrl/0:      VnfHaStateActive,                Yes,               0
	       ffemgr/0:      VnfHaStateActive,                Yes,               0
	          ffe/0:      VnfHaStateActive,                Yes,               0
	       mepmgr/0:      VnfHaStateActive,                Yes,               0
	      dhcpmgr/0:      VnfHaStateActive,                Yes,               0
	  dnsproxymgr/0:      VnfHaStateActive,                Yes,               0
	       aaamgr/0:      VnfHaStateActive,                Yes,               0
	       mepmgr/1:      VnfHaStateActive,                Yes,               0
	       cdrmgr/0:      VnfHaStateActive,                Yes,               0
	      ltectrl/0:      VnfHaStateActive,                Yes,               0

CASA-MOBILE>
2019-07-14  08:58:51 Sun paramiko.transport DEBUG [chan 0] EOF sent (0)
2019-07-14  08:58:51 Sun root INFO Checking host 172.0.5.35 system status:show ha info
2019-07-14  08:58:51 Sun root INFO show ha info
VNF node name: Default:f7830f3c-e17c-11e8-a4da-525400a7c450
Group level HA:
	 group-ha-ctrl           : disabled
	 assigned service        : 
	 heartbeats sent         : 0
	 heartbeats received     : 0
Node level HA config :
	 node-to-node heartbeat  : enabled
	 preferred role          : Active
	 peer heartbeat timeout  : 3
	 self interface          : * port 65530
	 peer interface          : * port 65530
	 redundancy reboot       : YES
	 standalone reboot       : NO
	 task down max per minute: 10
	 redundancy mode         : layer2
Node level HA status :
	 state                   : Active
	 last reboot timestamp   : 2019-07-09 21:09:22
	 startup-config loaded   : YES
	 overall monitor status  : VnfHaMonitorStateUnknown
	 overall task HA status  : VnfHaStateActive
	 peer standby-status     : Not Ready
	 heartbeats sent         : 343816
	 heartbeats received     : 0
Individual task HA status: 
	                                                been active before, down times in last minute
	      rsrcmgr/0:      VnfHaStateActive,                Yes,               0
	     s1mmemgr/0:      VnfHaStateActive,                Yes,               0
	       apimgr/0:      VnfHaStateActive,                Yes,               0
	      vnfctrl/0:      VnfHaStateActive,                Yes,               0
	      connmgr/0:      VnfHaStateActive,                Yes,               0
	      gtpctrl/0:      VnfHaStateActive,                Yes,               0
	       ffemgr/0:      VnfHaStateActive,                Yes,               0
	          ffe/0:      VnfHaStateActive,                Yes,               0
	       mepmgr/0:      VnfHaStateActive,                Yes,               0
	      dhcpmgr/0:      VnfHaStateActive,                Yes,               0
	  dnsproxymgr/0:      VnfHaStateActive,                Yes,               0
	       aaamgr/0:      VnfHaStateActive,                Yes,               0
	       mepmgr/1:      VnfHaStateActive,                Yes,               0
	       cdrmgr/0:      VnfHaStateActive,                Yes,               0
	      ltectrl/0:      VnfHaStateActive,                Yes,               0

CASA-MOBILE>
2019-07-14  08:58:51 Sun root INFO The result is Successful!
2019-07-14  08:58:51 Sun root INFO The host 172.0.5.37 is connecting!
2019-07-14  08:58:51 Sun paramiko.transport DEBUG starting thread (client mode): 0x5deced68
2019-07-14  08:58:51 Sun paramiko.transport DEBUG Local version/idstring: SSH-2.0-paramiko_2.4.2
2019-07-14  08:58:51 Sun paramiko.transport DEBUG EOF in transport thread
2019-07-14  08:58:51 Sun paramiko.transport DEBUG Remote version/idstring: SSH-2.0-OpenSSH_6.6.1p1 Ubuntu-2ubuntu2
2019-07-14  08:58:51 Sun paramiko.transport INFO Connected (version 2.0, client OpenSSH_6.6.1p1)
2019-07-14  08:58:51 Sun paramiko.transport DEBUG kex algos:['curve25519-sha256@libssh.org', 'ecdh-sha2-nistp256', 'ecdh-sha2-nistp384', 'ecdh-sha2-nistp521', 'diffie-hellman-group-exchange-sha256', 'diffie-hellman-group-exchange-sha1', 'diffie-hellman-group14-sha1', 'diffie-hellman-group1-sha1'] server key:['ssh-rsa', 'ssh-dss', 'ecdsa-sha2-nistp256', 'ssh-ed25519'] client encrypt:['aes128-ctr', 'aes192-ctr', 'aes256-ctr', 'arcfour256', 'arcfour128', 'aes128-gcm@openssh.com', 'aes256-gcm@openssh.com', 'chacha20-poly1305@openssh.com', 'aes128-cbc', '3des-cbc', 'blowfish-cbc', 'cast128-cbc', 'aes192-cbc', 'aes256-cbc', 'arcfour', 'rijndael-cbc@lysator.liu.se'] server encrypt:['aes128-ctr', 'aes192-ctr', 'aes256-ctr', 'arcfour256', 'arcfour128', 'aes128-gcm@openssh.com', 'aes256-gcm@openssh.com', 'chacha20-poly1305@openssh.com', 'aes128-cbc', '3des-cbc', 'blowfish-cbc', 'cast128-cbc', 'aes192-cbc', 'aes256-cbc', 'arcfour', 'rijndael-cbc@lysator.liu.se'] client mac:['hmac-md5-etm@openssh.com', 'hmac-sha1-etm@openssh.com', 'umac-64-etm@openssh.com', 'umac-128-etm@openssh.com', 'hmac-sha2-256-etm@openssh.com', 'hmac-sha2-512-etm@openssh.com', 'hmac-ripemd160-etm@openssh.com', 'hmac-sha1-96-etm@openssh.com', 'hmac-md5-96-etm@openssh.com', 'hmac-md5', 'hmac-sha1', 'umac-64@openssh.com', 'umac-128@openssh.com', 'hmac-sha2-256', 'hmac-sha2-512', 'hmac-ripemd160', 'hmac-ripemd160@openssh.com', 'hmac-sha1-96', 'hmac-md5-96'] server mac:['hmac-md5-etm@openssh.com', 'hmac-sha1-etm@openssh.com', 'umac-64-etm@openssh.com', 'umac-128-etm@openssh.com', 'hmac-sha2-256-etm@openssh.com', 'hmac-sha2-512-etm@openssh.com', 'hmac-ripemd160-etm@openssh.com', 'hmac-sha1-96-etm@openssh.com', 'hmac-md5-96-etm@openssh.com', 'hmac-md5', 'hmac-sha1', 'umac-64@openssh.com', 'umac-128@openssh.com', 'hmac-sha2-256', 'hmac-sha2-512', 'hmac-ripemd160', 'hmac-ripemd160@openssh.com', 'hmac-sha1-96', 'hmac-md5-96'] client compress:['none', 'zlib@openssh.com'] server compress:['none', 'zlib@openssh.com'] client lang:[''] server lang:[''] kex follows?False
2019-07-14  08:58:51 Sun paramiko.transport DEBUG Kex agreed: ecdh-sha2-nistp256
2019-07-14  08:58:51 Sun paramiko.transport DEBUG HostKey agreed: ssh-ed25519
2019-07-14  08:58:51 Sun paramiko.transport DEBUG Cipher agreed: aes128-ctr
2019-07-14  08:58:51 Sun paramiko.transport DEBUG MAC agreed: hmac-sha2-256
2019-07-14  08:58:51 Sun paramiko.transport DEBUG Compression agreed: none
2019-07-14  08:58:51 Sun paramiko.transport DEBUG kex engine KexNistp256 specified hash_algo <built-in function openssl_sha256>
2019-07-14  08:58:51 Sun paramiko.transport DEBUG Switch to new keys ...
2019-07-14  08:58:51 Sun paramiko.transport DEBUG Attempting password auth...
2019-07-14  08:58:51 Sun paramiko.transport DEBUG userauth is OK
2019-07-14  08:58:51 Sun paramiko.transport INFO Authentication (password) successful!
2019-07-14  08:58:51 Sun root INFO Connect to host 172.0.5.37 successful!
2019-07-14  08:58:51 Sun paramiko.transport DEBUG [chan 0] Max packet in: 32768 bytes
2019-07-14  08:58:52 Sun paramiko.transport DEBUG [chan 0] Max packet out: 32768 bytes
2019-07-14  08:58:52 Sun paramiko.transport DEBUG Secsh channel 0 opened.
2019-07-14  08:58:52 Sun paramiko.transport DEBUG [chan 0] Sesch channel 0 request ok
2019-07-14  08:58:52 Sun paramiko.transport DEBUG [chan 0] Sesch channel 0 request ok
2019-07-14  08:58:54 Sun root DEBUG Welcome to Ubuntu 14.04.3 LTS (GNU/Linux 3.19.0-25-generic x86_64)

 * Documentation:  https://help.ubuntu.com/

  System information as of Sat Jul 13 20:56:22 EDT 2019

  System load:            4.01               IP address for dp_0_1: 172.1.5.37
  Usage of /:             50.3% of 13.54GB   IP address for dp_0_2: 172.2.5.37
  Memory usage:           49%                IP address for lo1:    1.1.1.37
  Swap usage:             0%                 IP address for lo2:    2.1.1.37
  Processes:              696                IP address for lo3:    3.1.1.37
  Users logged in:        0                  IP address for lo4:    4.1.1.37
  IP address for docker0: 172.17.0.1         IP address for lo5:    5.1.1.37
  IP address for dp_0_0:  172.0.5.37

  Graph this data and manage this system at:
    https://landscape.canonical.com/

284 packages can be updated.
197 updates are security updates.

Last login: Sat Jul 13 20:56:22 2019 from 172.0.5.25
/usr/local/bin/casa/casa-cli
root@CASA-MOBILE:~# /usr/local/bin/casa/casa-cli

===================================
Welcome to CASA MEC x86 Platform
===================================
[KCLI services started!
CASA-MOBILE>page-off
CASA-MOBILE>
2019-07-14  08:58:57 Sun root DEBUG show task crash
Number  Task             Crash-Time                Exit-Code     Exit-Reason     Core-file
==========================================================================================
Total 0 crash records
CASA-MOBILE>
2019-07-14  08:58:57 Sun paramiko.transport DEBUG [chan 0] EOF sent (0)
2019-07-14  08:58:57 Sun root INFO Checking host 172.0.5.35 system status:show task crash info
2019-07-14  08:58:57 Sun root INFO show task crash
Number  Task             Crash-Time                Exit-Code     Exit-Reason     Core-file
==========================================================================================
Total 0 crash records
CASA-MOBILE>
2019-07-14  08:58:57 Sun root INFO The result is Successful!
2019-07-14  08:58:57 Sun root INFO The host 172.0.5.37 is connecting!
2019-07-14  08:58:57 Sun paramiko.transport DEBUG starting thread (client mode): 0x5dece0b8
2019-07-14  08:58:57 Sun paramiko.transport DEBUG Local version/idstring: SSH-2.0-paramiko_2.4.2
2019-07-14  08:58:57 Sun paramiko.transport DEBUG EOF in transport thread
2019-07-14  08:58:57 Sun paramiko.transport DEBUG Remote version/idstring: SSH-2.0-OpenSSH_6.6.1p1 Ubuntu-2ubuntu2
2019-07-14  08:58:57 Sun paramiko.transport INFO Connected (version 2.0, client OpenSSH_6.6.1p1)
2019-07-14  08:58:57 Sun paramiko.transport DEBUG kex algos:['curve25519-sha256@libssh.org', 'ecdh-sha2-nistp256', 'ecdh-sha2-nistp384', 'ecdh-sha2-nistp521', 'diffie-hellman-group-exchange-sha256', 'diffie-hellman-group-exchange-sha1', 'diffie-hellman-group14-sha1', 'diffie-hellman-group1-sha1'] server key:['ssh-rsa', 'ssh-dss', 'ecdsa-sha2-nistp256', 'ssh-ed25519'] client encrypt:['aes128-ctr', 'aes192-ctr', 'aes256-ctr', 'arcfour256', 'arcfour128', 'aes128-gcm@openssh.com', 'aes256-gcm@openssh.com', 'chacha20-poly1305@openssh.com', 'aes128-cbc', '3des-cbc', 'blowfish-cbc', 'cast128-cbc', 'aes192-cbc', 'aes256-cbc', 'arcfour', 'rijndael-cbc@lysator.liu.se'] server encrypt:['aes128-ctr', 'aes192-ctr', 'aes256-ctr', 'arcfour256', 'arcfour128', 'aes128-gcm@openssh.com', 'aes256-gcm@openssh.com', 'chacha20-poly1305@openssh.com', 'aes128-cbc', '3des-cbc', 'blowfish-cbc', 'cast128-cbc', 'aes192-cbc', 'aes256-cbc', 'arcfour', 'rijndael-cbc@lysator.liu.se'] client mac:['hmac-md5-etm@openssh.com', 'hmac-sha1-etm@openssh.com', 'umac-64-etm@openssh.com', 'umac-128-etm@openssh.com', 'hmac-sha2-256-etm@openssh.com', 'hmac-sha2-512-etm@openssh.com', 'hmac-ripemd160-etm@openssh.com', 'hmac-sha1-96-etm@openssh.com', 'hmac-md5-96-etm@openssh.com', 'hmac-md5', 'hmac-sha1', 'umac-64@openssh.com', 'umac-128@openssh.com', 'hmac-sha2-256', 'hmac-sha2-512', 'hmac-ripemd160', 'hmac-ripemd160@openssh.com', 'hmac-sha1-96', 'hmac-md5-96'] server mac:['hmac-md5-etm@openssh.com', 'hmac-sha1-etm@openssh.com', 'umac-64-etm@openssh.com', 'umac-128-etm@openssh.com', 'hmac-sha2-256-etm@openssh.com', 'hmac-sha2-512-etm@openssh.com', 'hmac-ripemd160-etm@openssh.com', 'hmac-sha1-96-etm@openssh.com', 'hmac-md5-96-etm@openssh.com', 'hmac-md5', 'hmac-sha1', 'umac-64@openssh.com', 'umac-128@openssh.com', 'hmac-sha2-256', 'hmac-sha2-512', 'hmac-ripemd160', 'hmac-ripemd160@openssh.com', 'hmac-sha1-96', 'hmac-md5-96'] client compress:['none', 'zlib@openssh.com'] server compress:['none', 'zlib@openssh.com'] client lang:[''] server lang:[''] kex follows?False
2019-07-14  08:58:57 Sun paramiko.transport DEBUG Kex agreed: ecdh-sha2-nistp256
2019-07-14  08:58:57 Sun paramiko.transport DEBUG HostKey agreed: ssh-ed25519
2019-07-14  08:58:57 Sun paramiko.transport DEBUG Cipher agreed: aes128-ctr
2019-07-14  08:58:57 Sun paramiko.transport DEBUG MAC agreed: hmac-sha2-256
2019-07-14  08:58:57 Sun paramiko.transport DEBUG Compression agreed: none
2019-07-14  08:58:57 Sun paramiko.transport DEBUG kex engine KexNistp256 specified hash_algo <built-in function openssl_sha256>
2019-07-14  08:58:57 Sun paramiko.transport DEBUG Switch to new keys ...
2019-07-14  08:58:57 Sun paramiko.transport DEBUG Attempting password auth...
2019-07-14  08:58:57 Sun paramiko.transport DEBUG userauth is OK
2019-07-14  08:58:57 Sun paramiko.transport INFO Authentication (password) successful!
2019-07-14  08:58:57 Sun root INFO Connect to host 172.0.5.37 successful!
2019-07-14  08:58:57 Sun paramiko.transport DEBUG [chan 0] Max packet in: 32768 bytes
2019-07-14  08:58:58 Sun paramiko.transport DEBUG [chan 0] Max packet out: 32768 bytes
2019-07-14  08:58:58 Sun paramiko.transport DEBUG Secsh channel 0 opened.
2019-07-14  08:58:58 Sun paramiko.transport DEBUG [chan 0] Sesch channel 0 request ok
2019-07-14  08:58:58 Sun paramiko.transport DEBUG [chan 0] Sesch channel 0 request ok
2019-07-14  08:59:00 Sun root DEBUG Welcome to Ubuntu 14.04.3 LTS (GNU/Linux 3.19.0-25-generic x86_64)

 * Documentation:  https://help.ubuntu.com/

  System information as of Sat Jul 13 20:58:29 EDT 2019

  System load:            4.02               IP address for dp_0_1: 172.1.5.37
  Usage of /:             50.3% of 13.54GB   IP address for dp_0_2: 172.2.5.37
  Memory usage:           49%                IP address for lo1:    1.1.1.37
  Swap usage:             0%                 IP address for lo2:    2.1.1.37
  Processes:              698                IP address for lo3:    3.1.1.37
  Users logged in:        0                  IP address for lo4:    4.1.1.37
  IP address for docker0: 172.17.0.1         IP address for lo5:    5.1.1.37
  IP address for dp_0_0:  172.0.5.37

  Graph this data and manage this system at:
    https://landscape.canonical.com/

284 packages can be updated.
197 updates are security updates.

Last login: Sat Jul 13 20:58:30 2019 from 172.0.5.25
/usr/local/bin/casa/casa-cli
root@CASA-MOBILE:~# /usr/local/bin/casa/casa-cli

===================================
Welcome to CASA MEC x86 Platform
===================================
[KCLI services started!
CASA-MOBILE>page-off
CASA-MOBILE>
2019-07-14  08:59:03 Sun root DEBUG show ha info
VNF node name: Default:f7830f3c-e17c-11e8-a4da-525400a7c450
Group level HA:
	 group-ha-ctrl           : disabled
	 assigned service        : 
	 heartbeats sent         : 0
	 heartbeats received     : 0
Node level HA config :
	 node-to-node heartbeat  : enabled
	 preferred role          : Active
	 peer heartbeat timeout  : 3
	 self interface          : * port 65530
	 peer interface          : * port 65530
	 redundancy reboot       : YES
	 standalone reboot       : NO
	 task down max per minute: 10
	 redundancy mode         : layer2
Node level HA status :
	 state                   : Active
	 last reboot timestamp   : 2019-07-07 22:13:09
	 startup-config loaded   : YES
	 overall monitor status  : VnfHaMonitorStateUnknown
	 overall task HA status  : VnfHaStateActive
	 peer standby-status     : Not Ready
	 heartbeats sent         : 511794
	 heartbeats received     : 0
Individual task HA status: 
	                                                been active before, down times in last minute
	      rsrcmgr/0:      VnfHaStateActive,                Yes,               0
	         lix3/0:      VnfHaStateActive,                Yes,               0
	      poolmgr/0:      VnfHaStateActive,                Yes,               0
	    tce_agent/0:      VnfHaStateActive,                Yes,               0
	      vnfctrl/0:      VnfHaStateActive,                Yes,               0
	      nrfclnt/0:      VnfHaStateActive,                Yes,               0
	      gtpctrl/0:      VnfHaStateActive,                Yes,               0
	       ffemgr/0:      VnfHaStateActive,                Yes,               0
	          ffe/0:      VnfHaStateActive,                Yes,               0
	      connmgr/0:      VnfHaStateActive,                Yes,               0
	      dhcpmgr/0:      VnfHaStateActive,                Yes,               0
	  dnsproxymgr/0:      VnfHaStateActive,                Yes,               0
	     pfcpctrl/0:      VnfHaStateActive,                Yes,               0
	       aaamgr/0:      VnfHaStateActive,                Yes,               0
	       cdrmgr/0:      VnfHaStateActive,                Yes,               0
	      ltectrl/0:      VnfHaStateActive,                Yes,               0
	     reporter/0:      VnfHaStateActive,                Yes,               0

CASA-MOBILE>
2019-07-14  08:59:03 Sun paramiko.transport DEBUG [chan 0] EOF sent (0)
2019-07-14  08:59:03 Sun root INFO Checking host 172.0.5.35 system status:show ha info
2019-07-14  08:59:03 Sun root INFO show ha info
VNF node name: Default:f7830f3c-e17c-11e8-a4da-525400a7c450
Group level HA:
	 group-ha-ctrl           : disabled
	 assigned service        : 
	 heartbeats sent         : 0
	 heartbeats received     : 0
Node level HA config :
	 node-to-node heartbeat  : enabled
	 preferred role          : Active
	 peer heartbeat timeout  : 3
	 self interface          : * port 65530
	 peer interface          : * port 65530
	 redundancy reboot       : YES
	 standalone reboot       : NO
	 task down max per minute: 10
	 redundancy mode         : layer2
Node level HA status :
	 state                   : Active
	 last reboot timestamp   : 2019-07-07 22:13:09
	 startup-config loaded   : YES
	 overall monitor status  : VnfHaMonitorStateUnknown
	 overall task HA status  : VnfHaStateActive
	 peer standby-status     : Not Ready
	 heartbeats sent         : 511794
	 heartbeats received     : 0
Individual task HA status: 
	                                                been active before, down times in last minute
	      rsrcmgr/0:      VnfHaStateActive,                Yes,               0
	         lix3/0:      VnfHaStateActive,                Yes,               0
	      poolmgr/0:      VnfHaStateActive,                Yes,               0
	    tce_agent/0:      VnfHaStateActive,                Yes,               0
	      vnfctrl/0:      VnfHaStateActive,                Yes,               0
	      nrfclnt/0:      VnfHaStateActive,                Yes,               0
	      gtpctrl/0:      VnfHaStateActive,                Yes,               0
	       ffemgr/0:      VnfHaStateActive,                Yes,               0
	          ffe/0:      VnfHaStateActive,                Yes,               0
	      connmgr/0:      VnfHaStateActive,                Yes,               0
	      dhcpmgr/0:      VnfHaStateActive,                Yes,               0
	  dnsproxymgr/0:      VnfHaStateActive,                Yes,               0
	     pfcpctrl/0:      VnfHaStateActive,                Yes,               0
	       aaamgr/0:      VnfHaStateActive,                Yes,               0
	       cdrmgr/0:      VnfHaStateActive,                Yes,               0
	      ltectrl/0:      VnfHaStateActive,                Yes,               0
	     reporter/0:      VnfHaStateActive,                Yes,               0

CASA-MOBILE>
2019-07-14  08:59:03 Sun root INFO The result is Successful!
2019-07-14  08:59:03 Sun root INFO The host 172.0.5.38 is connecting!
2019-07-14  08:59:03 Sun paramiko.transport DEBUG starting thread (client mode): 0x5deceb70
2019-07-14  08:59:03 Sun paramiko.transport DEBUG Local version/idstring: SSH-2.0-paramiko_2.4.2
2019-07-14  08:59:03 Sun paramiko.transport DEBUG EOF in transport thread
2019-07-14  08:59:03 Sun paramiko.transport DEBUG Remote version/idstring: SSH-2.0-OpenSSH_6.6.1p1 Ubuntu-2ubuntu2
2019-07-14  08:59:03 Sun paramiko.transport INFO Connected (version 2.0, client OpenSSH_6.6.1p1)
2019-07-14  08:59:03 Sun paramiko.transport DEBUG kex algos:['curve25519-sha256@libssh.org', 'ecdh-sha2-nistp256', 'ecdh-sha2-nistp384', 'ecdh-sha2-nistp521', 'diffie-hellman-group-exchange-sha256', 'diffie-hellman-group-exchange-sha1', 'diffie-hellman-group14-sha1', 'diffie-hellman-group1-sha1'] server key:['ssh-rsa', 'ssh-dss', 'ecdsa-sha2-nistp256', 'ssh-ed25519'] client encrypt:['aes128-ctr', 'aes192-ctr', 'aes256-ctr', 'arcfour256', 'arcfour128', 'aes128-gcm@openssh.com', 'aes256-gcm@openssh.com', 'chacha20-poly1305@openssh.com', 'aes128-cbc', '3des-cbc', 'blowfish-cbc', 'cast128-cbc', 'aes192-cbc', 'aes256-cbc', 'arcfour', 'rijndael-cbc@lysator.liu.se'] server encrypt:['aes128-ctr', 'aes192-ctr', 'aes256-ctr', 'arcfour256', 'arcfour128', 'aes128-gcm@openssh.com', 'aes256-gcm@openssh.com', 'chacha20-poly1305@openssh.com', 'aes128-cbc', '3des-cbc', 'blowfish-cbc', 'cast128-cbc', 'aes192-cbc', 'aes256-cbc', 'arcfour', 'rijndael-cbc@lysator.liu.se'] client mac:['hmac-md5-etm@openssh.com', 'hmac-sha1-etm@openssh.com', 'umac-64-etm@openssh.com', 'umac-128-etm@openssh.com', 'hmac-sha2-256-etm@openssh.com', 'hmac-sha2-512-etm@openssh.com', 'hmac-ripemd160-etm@openssh.com', 'hmac-sha1-96-etm@openssh.com', 'hmac-md5-96-etm@openssh.com', 'hmac-md5', 'hmac-sha1', 'umac-64@openssh.com', 'umac-128@openssh.com', 'hmac-sha2-256', 'hmac-sha2-512', 'hmac-ripemd160', 'hmac-ripemd160@openssh.com', 'hmac-sha1-96', 'hmac-md5-96'] server mac:['hmac-md5-etm@openssh.com', 'hmac-sha1-etm@openssh.com', 'umac-64-etm@openssh.com', 'umac-128-etm@openssh.com', 'hmac-sha2-256-etm@openssh.com', 'hmac-sha2-512-etm@openssh.com', 'hmac-ripemd160-etm@openssh.com', 'hmac-sha1-96-etm@openssh.com', 'hmac-md5-96-etm@openssh.com', 'hmac-md5', 'hmac-sha1', 'umac-64@openssh.com', 'umac-128@openssh.com', 'hmac-sha2-256', 'hmac-sha2-512', 'hmac-ripemd160', 'hmac-ripemd160@openssh.com', 'hmac-sha1-96', 'hmac-md5-96'] client compress:['none', 'zlib@openssh.com'] server compress:['none', 'zlib@openssh.com'] client lang:[''] server lang:[''] kex follows?False
2019-07-14  08:59:03 Sun paramiko.transport DEBUG Kex agreed: ecdh-sha2-nistp256
2019-07-14  08:59:03 Sun paramiko.transport DEBUG HostKey agreed: ssh-ed25519
2019-07-14  08:59:03 Sun paramiko.transport DEBUG Cipher agreed: aes128-ctr
2019-07-14  08:59:03 Sun paramiko.transport DEBUG MAC agreed: hmac-sha2-256
2019-07-14  08:59:03 Sun paramiko.transport DEBUG Compression agreed: none
2019-07-14  08:59:03 Sun paramiko.transport DEBUG kex engine KexNistp256 specified hash_algo <built-in function openssl_sha256>
2019-07-14  08:59:03 Sun paramiko.transport DEBUG Switch to new keys ...
2019-07-14  08:59:03 Sun paramiko.transport DEBUG Attempting password auth...
2019-07-14  08:59:03 Sun paramiko.transport DEBUG userauth is OK
2019-07-14  08:59:03 Sun paramiko.transport INFO Authentication (password) successful!
2019-07-14  08:59:03 Sun root INFO Connect to host 172.0.5.38 successful!
2019-07-14  08:59:03 Sun paramiko.transport DEBUG [chan 0] Max packet in: 32768 bytes
2019-07-14  08:59:04 Sun paramiko.transport DEBUG [chan 0] Max packet out: 32768 bytes
2019-07-14  08:59:04 Sun paramiko.transport DEBUG Secsh channel 0 opened.
2019-07-14  08:59:04 Sun paramiko.transport DEBUG [chan 0] Sesch channel 0 request ok
2019-07-14  08:59:04 Sun paramiko.transport DEBUG [chan 0] Sesch channel 0 request ok
2019-07-14  08:59:06 Sun root DEBUG Welcome to Ubuntu 14.04.3 LTS (GNU/Linux 3.19.0-25-generic x86_64)

 * Documentation:  https://help.ubuntu.com/

  System information as of Sat Jul 13 20:57:13 EDT 2019

  System load:            36.2               IP address for dp_0_1: 172.1.5.38
  Usage of /:             52.2% of 13.54GB   IP address for dp_0_2: 172.2.5.38
  Memory usage:           96%                IP address for lo1:    1.1.1.38
  Swap usage:             45%                IP address for lo2:    2.1.1.38
  Processes:              697                IP address for lo3:    3.1.1.38
  Users logged in:        0                  IP address for lo4:    4.1.1.38
  IP address for docker0: 172.17.0.1         IP address for lo5:    5.1.1.38
  IP address for dp_0_0:  172.0.5.38

  Graph this data and manage this system at:
    https://landscape.canonical.com/

284 packages can be updated.
197 updates are security updates.

Last login: Sat Jul 13 20:57:13 2019 from 172.0.5.25
/usr/local/bin/casa/casa-cli
root@CASA-MOBILE:~# /usr/local/bin/casa/casa-cli

===================================
Welcome to CASA MEC x86 Platform
===================================
[KCLI services started!
CASA-MOBILE>page-off
CASA-MOBILE>
2019-07-14  08:59:09 Sun root DEBUG show task crash
Number  Task             Crash-Time                Exit-Code     Exit-Reason     Core-file
==========================================================================================
Total 0 crash records
CASA-MOBILE>
2019-07-14  08:59:09 Sun paramiko.transport DEBUG [chan 0] EOF sent (0)
2019-07-14  08:59:09 Sun root INFO Checking host 172.0.5.35 system status:show task crash info
2019-07-14  08:59:09 Sun root INFO show task crash
Number  Task             Crash-Time                Exit-Code     Exit-Reason     Core-file
==========================================================================================
Total 0 crash records
CASA-MOBILE>
2019-07-14  08:59:09 Sun root INFO The result is Successful!
2019-07-14  08:59:09 Sun root INFO The host 172.0.5.38 is connecting!
2019-07-14  08:59:09 Sun paramiko.transport DEBUG starting thread (client mode): 0x5ded5828
2019-07-14  08:59:09 Sun paramiko.transport DEBUG Local version/idstring: SSH-2.0-paramiko_2.4.2
2019-07-14  08:59:09 Sun paramiko.transport DEBUG EOF in transport thread
2019-07-14  08:59:09 Sun paramiko.transport DEBUG Remote version/idstring: SSH-2.0-OpenSSH_6.6.1p1 Ubuntu-2ubuntu2
2019-07-14  08:59:09 Sun paramiko.transport INFO Connected (version 2.0, client OpenSSH_6.6.1p1)
2019-07-14  08:59:09 Sun paramiko.transport DEBUG kex algos:['curve25519-sha256@libssh.org', 'ecdh-sha2-nistp256', 'ecdh-sha2-nistp384', 'ecdh-sha2-nistp521', 'diffie-hellman-group-exchange-sha256', 'diffie-hellman-group-exchange-sha1', 'diffie-hellman-group14-sha1', 'diffie-hellman-group1-sha1'] server key:['ssh-rsa', 'ssh-dss', 'ecdsa-sha2-nistp256', 'ssh-ed25519'] client encrypt:['aes128-ctr', 'aes192-ctr', 'aes256-ctr', 'arcfour256', 'arcfour128', 'aes128-gcm@openssh.com', 'aes256-gcm@openssh.com', 'chacha20-poly1305@openssh.com', 'aes128-cbc', '3des-cbc', 'blowfish-cbc', 'cast128-cbc', 'aes192-cbc', 'aes256-cbc', 'arcfour', 'rijndael-cbc@lysator.liu.se'] server encrypt:['aes128-ctr', 'aes192-ctr', 'aes256-ctr', 'arcfour256', 'arcfour128', 'aes128-gcm@openssh.com', 'aes256-gcm@openssh.com', 'chacha20-poly1305@openssh.com', 'aes128-cbc', '3des-cbc', 'blowfish-cbc', 'cast128-cbc', 'aes192-cbc', 'aes256-cbc', 'arcfour', 'rijndael-cbc@lysator.liu.se'] client mac:['hmac-md5-etm@openssh.com', 'hmac-sha1-etm@openssh.com', 'umac-64-etm@openssh.com', 'umac-128-etm@openssh.com', 'hmac-sha2-256-etm@openssh.com', 'hmac-sha2-512-etm@openssh.com', 'hmac-ripemd160-etm@openssh.com', 'hmac-sha1-96-etm@openssh.com', 'hmac-md5-96-etm@openssh.com', 'hmac-md5', 'hmac-sha1', 'umac-64@openssh.com', 'umac-128@openssh.com', 'hmac-sha2-256', 'hmac-sha2-512', 'hmac-ripemd160', 'hmac-ripemd160@openssh.com', 'hmac-sha1-96', 'hmac-md5-96'] server mac:['hmac-md5-etm@openssh.com', 'hmac-sha1-etm@openssh.com', 'umac-64-etm@openssh.com', 'umac-128-etm@openssh.com', 'hmac-sha2-256-etm@openssh.com', 'hmac-sha2-512-etm@openssh.com', 'hmac-ripemd160-etm@openssh.com', 'hmac-sha1-96-etm@openssh.com', 'hmac-md5-96-etm@openssh.com', 'hmac-md5', 'hmac-sha1', 'umac-64@openssh.com', 'umac-128@openssh.com', 'hmac-sha2-256', 'hmac-sha2-512', 'hmac-ripemd160', 'hmac-ripemd160@openssh.com', 'hmac-sha1-96', 'hmac-md5-96'] client compress:['none', 'zlib@openssh.com'] server compress:['none', 'zlib@openssh.com'] client lang:[''] server lang:[''] kex follows?False
2019-07-14  08:59:09 Sun paramiko.transport DEBUG Kex agreed: ecdh-sha2-nistp256
2019-07-14  08:59:09 Sun paramiko.transport DEBUG HostKey agreed: ssh-ed25519
2019-07-14  08:59:09 Sun paramiko.transport DEBUG Cipher agreed: aes128-ctr
2019-07-14  08:59:09 Sun paramiko.transport DEBUG MAC agreed: hmac-sha2-256
2019-07-14  08:59:09 Sun paramiko.transport DEBUG Compression agreed: none
2019-07-14  08:59:09 Sun paramiko.transport DEBUG kex engine KexNistp256 specified hash_algo <built-in function openssl_sha256>
2019-07-14  08:59:09 Sun paramiko.transport DEBUG Switch to new keys ...
2019-07-14  08:59:09 Sun paramiko.transport DEBUG Attempting password auth...
2019-07-14  08:59:09 Sun paramiko.transport DEBUG userauth is OK
2019-07-14  08:59:09 Sun paramiko.transport INFO Authentication (password) successful!
2019-07-14  08:59:09 Sun root INFO Connect to host 172.0.5.38 successful!
2019-07-14  08:59:09 Sun paramiko.transport DEBUG [chan 0] Max packet in: 32768 bytes
2019-07-14  08:59:10 Sun paramiko.transport DEBUG [chan 0] Max packet out: 32768 bytes
2019-07-14  08:59:10 Sun paramiko.transport DEBUG Secsh channel 0 opened.
2019-07-14  08:59:10 Sun paramiko.transport DEBUG [chan 0] Sesch channel 0 request ok
2019-07-14  08:59:10 Sun paramiko.transport DEBUG [chan 0] Sesch channel 0 request ok
2019-07-14  08:59:12 Sun root DEBUG Welcome to Ubuntu 14.04.3 LTS (GNU/Linux 3.19.0-25-generic x86_64)

 * Documentation:  https://help.ubuntu.com/

  System information as of Sat Jul 13 20:59:20 EDT 2019

  System load:            36.25              IP address for dp_0_1: 172.1.5.38
  Usage of /:             52.2% of 13.54GB   IP address for dp_0_2: 172.2.5.38
  Memory usage:           95%                IP address for lo1:    1.1.1.38
  Swap usage:             45%                IP address for lo2:    2.1.1.38
  Processes:              697                IP address for lo3:    3.1.1.38
  Users logged in:        0                  IP address for lo4:    4.1.1.38
  IP address for docker0: 172.17.0.1         IP address for lo5:    5.1.1.38
  IP address for dp_0_0:  172.0.5.38

  Graph this data and manage this system at:
    https://landscape.canonical.com/

284 packages can be updated.
197 updates are security updates.

Last login: Sat Jul 13 20:59:20 2019 from 172.0.5.25
/usr/local/bin/casa/casa-cli
root@CASA-MOBILE:~# /usr/local/bin/casa/casa-cli

===================================
Welcome to CASA MEC x86 Platform
===================================
[KCLI services started!
CASA-MOBILE>page-off
CASA-MOBILE>
2019-07-14  08:59:15 Sun root DEBUG show ha info
VNF node name: Default:f7830f3c-e17c-11e8-a4da-525400a7c450
Group level HA:
	 group-ha-ctrl           : disabled
	 assigned service        : 
	 heartbeats sent         : 0
	 heartbeats received     : 0
Node level HA config :
	 node-to-node heartbeat  : enabled
	 preferred role          : Active
	 peer heartbeat timeout  : 3
	 self interface          : * port 65530
	 peer interface          : * port 65530
	 redundancy reboot       : YES
	 standalone reboot       : NO
	 task down max per minute: 10
	 redundancy mode         : layer2
Node level HA status :
	 state                   : Active
	 last reboot timestamp   : 2019-07-07 22:14:04
	 startup-config loaded   : YES
	 overall monitor status  : VnfHaMonitorStateUnknown
	 overall task HA status  : VnfHaStateActive
	 peer standby-status     : Not Ready
	 heartbeats sent         : 512518
	 heartbeats received     : 0
Individual task HA status: 
	                                                been active before, down times in last minute
	        trmgr/0:      VnfHaStateActive,                Yes,               0
	     connmgr/31:      VnfHaStateActive,                Yes,               0
	  dnsproxymgr/0:      VnfHaStateActive,                Yes,               0
	      dhcpmgr/0:      VnfHaStateActive,                Yes,               0
	      poolmgr/0:      VnfHaStateActive,                Yes,               0
	       ffemgr/0:      VnfHaStateActive,                Yes,               0
	      rsrcmgr/0:      VnfHaStateActive,                Yes,               0
	       cdrmgr/0:      VnfHaStateActive,                Yes,               0
	     pfcpctrl/0:      VnfHaStateActive,                Yes,               0
	      vnfctrl/0:      VnfHaStateActive,                Yes,               0
	      connmgr/0:      VnfHaStateActive,                Yes,               0
	      connmgr/1:      VnfHaStateActive,                Yes,               0
	      connmgr/2:      VnfHaStateActive,                Yes,               0
	      connmgr/4:      VnfHaStateActive,                Yes,               0
	      connmgr/5:      VnfHaStateActive,                Yes,               0
	      connmgr/6:      VnfHaStateActive,                Yes,               0
	      connmgr/7:      VnfHaStateActive,                Yes,               0
	      connmgr/9:      VnfHaStateActive,                Yes,               0
	       aaamgr/0:      VnfHaStateActive,                Yes,               0
	      connmgr/8:      VnfHaStateActive,                Yes,               0
	     connmgr/11:      VnfHaStateActive,                Yes,               0
	      connmgr/3:      VnfHaStateActive,                Yes,               0
	         lix3/0:      VnfHaStateActive,                Yes,               0
	     reporter/0:      VnfHaStateActive,                Yes,               0
	     connmgr/10:      VnfHaStateActive,                Yes,               0
	     connmgr/17:      VnfHaStateActive,                Yes,               0
	      ltectrl/0:      VnfHaStateActive,                Yes,               0
	     connmgr/13:      VnfHaStateActive,                Yes,               0
	     connmgr/14:      VnfHaStateActive,                Yes,               0
	     connmgr/15:      VnfHaStateActive,                Yes,               0
	    tce_agent/0:      VnfHaStateActive,                Yes,               0
	     connmgr/18:      VnfHaStateActive,                Yes,               0
	          ffe/0:      VnfHaStateActive,                Yes,               0
	     connmgr/12:      VnfHaStateActive,                Yes,               0
	      gtpctrl/0:      VnfHaStateActive,                Yes,               0
	     connmgr/20:      VnfHaStateActive,                Yes,               0
	     connmgr/16:      VnfHaStateActive,                Yes,               0
	      nrfclnt/0:      VnfHaStateActive,                Yes,               0
	     connmgr/23:      VnfHaStateActive,                Yes,               0
	     connmgr/19:      VnfHaStateActive,                Yes,               0
	     connmgr/25:      VnfHaStateActive,                Yes,               0
	     connmgr/21:      VnfHaStateActive,                Yes,               0
	     connmgr/22:      VnfHaStateActive,                Yes,               0
	     connmgr/28:      VnfHaStateActive,                Yes,               0
	     connmgr/24:      VnfHaStateActive,                Yes,               0
	     connmgr/30:      VnfHaStateActive,                Yes,               0
	     connmgr/26:      VnfHaStateActive,                Yes,               0
	     connmgr/27:      VnfHaStateActive,                Yes,               0
	     connmgr/29:      VnfHaStateActive,                Yes,               0

CASA-MOBILE>
2019-07-14  08:59:15 Sun paramiko.transport DEBUG [chan 0] EOF sent (0)
2019-07-14  08:59:15 Sun root INFO Checking host 172.0.5.35 system status:show ha info
2019-07-14  08:59:15 Sun root INFO show ha info
VNF node name: Default:f7830f3c-e17c-11e8-a4da-525400a7c450
Group level HA:
	 group-ha-ctrl           : disabled
	 assigned service        : 
	 heartbeats sent         : 0
	 heartbeats received     : 0
Node level HA config :
	 node-to-node heartbeat  : enabled
	 preferred role          : Active
	 peer heartbeat timeout  : 3
	 self interface          : * port 65530
	 peer interface          : * port 65530
	 redundancy reboot       : YES
	 standalone reboot       : NO
	 task down max per minute: 10
	 redundancy mode         : layer2
Node level HA status :
	 state                   : Active
	 last reboot timestamp   : 2019-07-07 22:14:04
	 startup-config loaded   : YES
	 overall monitor status  : VnfHaMonitorStateUnknown
	 overall task HA status  : VnfHaStateActive
	 peer standby-status     : Not Ready
	 heartbeats sent         : 512518
	 heartbeats received     : 0
Individual task HA status: 
	                                                been active before, down times in last minute
	        trmgr/0:      VnfHaStateActive,                Yes,               0
	     connmgr/31:      VnfHaStateActive,                Yes,               0
	  dnsproxymgr/0:      VnfHaStateActive,                Yes,               0
	      dhcpmgr/0:      VnfHaStateActive,                Yes,               0
	      poolmgr/0:      VnfHaStateActive,                Yes,               0
	       ffemgr/0:      VnfHaStateActive,                Yes,               0
	      rsrcmgr/0:      VnfHaStateActive,                Yes,               0
	       cdrmgr/0:      VnfHaStateActive,                Yes,               0
	     pfcpctrl/0:      VnfHaStateActive,                Yes,               0
	      vnfctrl/0:      VnfHaStateActive,                Yes,               0
	      connmgr/0:      VnfHaStateActive,                Yes,               0
	      connmgr/1:      VnfHaStateActive,                Yes,               0
	      connmgr/2:      VnfHaStateActive,                Yes,               0
	      connmgr/4:      VnfHaStateActive,                Yes,               0
	      connmgr/5:      VnfHaStateActive,                Yes,               0
	      connmgr/6:      VnfHaStateActive,                Yes,               0
	      connmgr/7:      VnfHaStateActive,                Yes,               0
	      connmgr/9:      VnfHaStateActive,                Yes,               0
	       aaamgr/0:      VnfHaStateActive,                Yes,               0
	      connmgr/8:      VnfHaStateActive,                Yes,               0
	     connmgr/11:      VnfHaStateActive,                Yes,               0
	      connmgr/3:      VnfHaStateActive,                Yes,               0
	         lix3/0:      VnfHaStateActive,                Yes,               0
	     reporter/0:      VnfHaStateActive,                Yes,               0
	     connmgr/10:      VnfHaStateActive,                Yes,               0
	     connmgr/17:      VnfHaStateActive,                Yes,               0
	      ltectrl/0:      VnfHaStateActive,                Yes,               0
	     connmgr/13:      VnfHaStateActive,                Yes,               0
	     connmgr/14:      VnfHaStateActive,                Yes,               0
	     connmgr/15:      VnfHaStateActive,                Yes,               0
	    tce_agent/0:      VnfHaStateActive,                Yes,               0
	     connmgr/18:      VnfHaStateActive,                Yes,               0
	          ffe/0:      VnfHaStateActive,                Yes,               0
	     connmgr/12:      VnfHaStateActive,                Yes,               0
	      gtpctrl/0:      VnfHaStateActive,                Yes,               0
	     connmgr/20:      VnfHaStateActive,                Yes,               0
	     connmgr/16:      VnfHaStateActive,                Yes,               0
	      nrfclnt/0:      VnfHaStateActive,                Yes,               0
	     connmgr/23:      VnfHaStateActive,                Yes,               0
	     connmgr/19:      VnfHaStateActive,                Yes,               0
	     connmgr/25:      VnfHaStateActive,                Yes,               0
	     connmgr/21:      VnfHaStateActive,                Yes,               0
	     connmgr/22:      VnfHaStateActive,                Yes,               0
	     connmgr/28:      VnfHaStateActive,                Yes,               0
	     connmgr/24:      VnfHaStateActive,                Yes,               0
	     connmgr/30:      VnfHaStateActive,                Yes,               0
	     connmgr/26:      VnfHaStateActive,                Yes,               0
	     connmgr/27:      VnfHaStateActive,                Yes,               0
	     connmgr/29:      VnfHaStateActive,                Yes,               0

CASA-MOBILE>
2019-07-14  08:59:15 Sun root INFO The result is Successful!
